<?xml version="1.0" encoding="UTF-8"?>
<testng-results skipped="0" failed="0" ignored="0" total="1" passed="1">
  <reporter-output>
  </reporter-output>
  <suite name="Default suite" duration-ms="1045" started-at="2020-07-31T06:44:29 IST" finished-at="2020-07-31T06:44:30 IST">
    <groups>
    </groups>
    <test name="Default test" duration-ms="1045" started-at="2020-07-31T06:44:29 IST" finished-at="2020-07-31T06:44:30 IST">
      <class name="utils.ExcelUtils">
        <test-method status="PASS" signature="getCellData()[pri:0, instance:utils.ExcelUtils@694e1548]" name="getCellData" duration-ms="1012" started-at="2020-07-31T06:44:29 IST" finished-at="2020-07-31T06:44:30 IST">
          <reporter-output>
          </reporter-output>
        </test-method> <!-- getCellData -->
      </class> <!-- utils.ExcelUtils -->
    </test> <!-- Default test -->
  </suite> <!-- Default suite -->
</testng-results>
